<?xml version="1.0" encoding="UTF-8"?>
<!-- Generated by org.testng.reporters.JUnitReportReporter -->
<testsuite hostname="DESKTOP-6377UTQ" failures="0" tests="1" name="maventestproject1.testapp1.AppTest" time="0.005" errors="0" timestamp="2024-04-05T16:01:23 SGT" skipped="0">
  <testcase classname="maventestproject1.testapp1.AppTest" name="testApp" time="0.005"/>
</testsuite> <!-- maventestproject1.testapp1.AppTest -->
